Using pre-set license
Built from '2020.3/staging' branch; Version is '2020.3.18f1 (a7d1c678663c) revision 10998214'; Using compiler version '192528614'; Build Type 'Release'
OS: 'Windows 10 Home; OS build 22000.613; Version 2009; 64bit' Language: 'en' Physical Memory: 8048 MB
BatchMode: 1, IsHumanControllingUs: 0, StartBugReporterOnCrash: 0, Is64bit: 1, IsPro: 0

COMMAND LINE ARGUMENTS:
C:\Program Files\Unity\Hub\Editor\2020.3.18f1\Editor\Unity.exe
-adb2
-batchMode
-noUpm
-name
AssetImportWorker5
-projectPath
C:/Users/tbrei/Documents/GitHub/Dating-Sim/Dating Simulator
-logFile
Logs/AssetImportWorker5.log
-srvPort
49312
Successfully changed project path to: C:/Users/tbrei/Documents/GitHub/Dating-Sim/Dating Simulator
C:/Users/tbrei/Documents/GitHub/Dating-Sim/Dating Simulator
Using Asset Import Pipeline V2.
