Using pre-set license
Built from '2020.3/staging' branch; Version is '2020.3.18f1 (a7d1c678663c) revision 10998214'; Using compiler version '192528614'; Build Type 'Release'
OS: 'Windows 10 Home; OS build 22000.613; Version 2009; 64bit' Language: 'en' Physical Memory: 8048 MB
BatchMode: 1, IsHumanControllingUs: 0, StartBugReporterOnCrash: 0, Is64bit: 1, IsPro: 0

COMMAND LINE ARGUMENTS:
C:\Program Files\Unity\Hub\Editor\2020.3.18f1\Editor\Unity.exe
-adb2
-batchMode
-noUpm
-name
AssetImportWorker4
-projectPath
C:/Users/tbrei/Documents/GitHub/Dating-Sim/Dating Simulator
-logFile
Logs/AssetImportWorker4.log
-srvPort
60122
Successfully changed project path to: C:/Users/tbrei/Documents/GitHub/Dating-Sim/Dating Simulator
C:/Users/tbrei/Documents/GitHub/Dating-Sim/Dating Simulator
Using Asset Import Pipeline V2.
Refreshing native plugins compatible for Editor in 168.50 ms, found 3 plugins.
Preloading 0 native plugins for Editor in 0.00 ms.
Initialize engine version: 2020.3.18f1 (a7d1c678663c)
[Subsystems] Discovering subsystems at path C:/Program Files/Unity/Hub/Editor/2020.3.18f1/Editor/Data/Resources/UnitySubsystems
[Subsystems] Discovering subsystems at path C:/Users/tbrei/Documents/GitHub/Dating-Sim/Dating Simulator/Assets
GfxDevice: creating device client; threaded=0
Direct3D:
    Version:  Direct3D 11.0 [level 11.1]
    Renderer: NVIDIA GeForce GTX 1050 (ID=0x1c8d)
    Vendor:   
    VRAM:     1979 MB
    Driver:   30.0.15.1179
Initialize mono
Mono path[0] = 'C:/Program Files/Unity/Hub/Editor/2020.3.18f1/Editor/Data/Managed'
Mono path[1] = 'C:/Program Files/Unity/Hub/Editor/2020.3.18f1/Editor/Data/MonoBleedingEdge/lib/mono/unityjit'
Mono config path = 'C:/Program Files/Unity/Hub/Editor/2020.3.18f1/Editor/Data/MonoBleedingEdge/etc'
Using monoOptions --debugger-agent=transport=dt_socket,embedding=1,server=y,suspend=n,address=127.0.0.1:56740
Begin MonoManager ReloadAssembly
Registering precompiled unity dll's ...
Register platform support module: C:/Program Files/Unity/Hub/Editor/2020.3.18f1/Editor/Data/PlaybackEngines/WebGLSupport/UnityEditor.WebGL.Extensions.dll
Register platform support module: C:/Program Files/Unity/Hub/Editor/2020.3.18f1/Editor/Data/PlaybackEngines/MacStandaloneSupport/UnityEditor.OSXStandalone.Extensions.dll
Register platform support module: C:/Program Files/Unity/Hub/Editor/2020.3.18f1/Editor/Data/PlaybackEngines/WindowsStandaloneSupport/UnityEditor.WindowsStandalone.Extensions.dll
Registered in 0.004411 seconds.
Native extension for WindowsStandalone target not found
Native extension for OSXStandalone target not found
Native extension for WebGL target not found
Refreshing native plugins compatible for Editor in 295.36 ms, found 3 plugins.
Preloading 0 native plugins for Editor in 0.00 ms.
Mono: successfully reloaded assembly
- Completed reload, in  8.372 seconds
Domain Reload Profiling:
	ReloadAssembly (8373ms)
		BeginReloadAssembly (456ms)
			ExecutionOrderSort (0ms)
			DisableScriptedObjects (0ms)
			BackupInstance (0ms)
			ReleaseScriptingObjects (0ms)
			CreateAndSetChildDomain (2ms)
		EndReloadAssembly (2632ms)
			LoadAssemblies (461ms)
			RebuildTransferFunctionScriptingTraits (0ms)
			SetupTypeCache (996ms)
			ReleaseScriptCaches (0ms)
			RebuildScriptCaches (173ms)
			SetupLoadedEditorAssemblies (935ms)
				LogAssemblyErrors (0ms)
				InitializePlatformSupportModulesInManaged (20ms)
				SetLoadedEditorAssemblies (1ms)
				RefreshPlugins (296ms)
				BeforeProcessingInitializeOnLoad (33ms)
				ProcessInitializeOnLoadAttributes (450ms)
				ProcessInitializeOnLoadMethodAttributes (134ms)
				AfterProcessingInitializeOnLoad (0ms)
				EditorAssembliesLoaded (0ms)
			ExecutionOrderSort2 (0ms)
			AwakeInstancesAfterBackupRestoration (0ms)
Platform modules already initialized, skipping
Registering precompiled user dll's ...
Registered in 0.019444 seconds.
Begin MonoManager ReloadAssembly
Native extension for WindowsStandalone target not found
Native extension for OSXStandalone target not found
Native extension for WebGL target not found
Refreshing native plugins compatible for Editor in 189.46 ms, found 3 plugins.
Preloading 0 native plugins for Editor in 0.00 ms.
Mono: successfully reloaded assembly
- Completed reload, in  5.241 seconds
Domain Reload Profiling:
	ReloadAssembly (5247ms)
		BeginReloadAssembly (506ms)
			ExecutionOrderSort (0ms)
			DisableScriptedObjects (9ms)
			BackupInstance (0ms)
			ReleaseScriptingObjects (0ms)
			CreateAndSetChildDomain (65ms)
		EndReloadAssembly (4509ms)
			LoadAssemblies (1046ms)
			RebuildTransferFunctionScriptingTraits (0ms)
			SetupTypeCache (1263ms)
			ReleaseScriptCaches (2ms)
			RebuildScriptCaches (258ms)
			SetupLoadedEditorAssemblies (1428ms)
				LogAssemblyErrors (0ms)
				InitializePlatformSupportModulesInManaged (12ms)
				SetLoadedEditorAssemblies (0ms)
				RefreshPlugins (190ms)
				BeforeProcessingInitializeOnLoad (253ms)
				ProcessInitializeOnLoadAttributes (755ms)
				ProcessInitializeOnLoadMethodAttributes (206ms)
				AfterProcessingInitializeOnLoad (11ms)
				EditorAssembliesLoaded (0ms)
			ExecutionOrderSort2 (0ms)
			AwakeInstancesAfterBackupRestoration (23ms)
Platform modules already initialized, skipping
========================================================================
Worker process is ready to serve import requests
Launched and connected shader compiler UnityShaderCompiler.exe after 0.30 seconds
Refreshing native plugins compatible for Editor in 2.16 ms, found 3 plugins.
Preloading 0 native plugins for Editor in 0.00 ms.
Unloading 2846 Unused Serialized files (Serialized files now loaded: 0)
System memory in use before: 115.5 MB.
System memory in use after: 115.7 MB.

Unloading 26 unused Assets to reduce memory usage. Loaded Objects now: 3287.
Total: 12.661900 ms (FindLiveObjects: 1.290200 ms CreateObjectMapping: 0.573700 ms MarkObjects: 10.428200 ms  DeleteObjects: 0.363600 ms)

AssetImportParameters requested are different than current active one (requested -> active):
  requireTextureImportCompression: false -> true
  custom:framework-win-MediaFoundation: 216162199b28c13a410421893ffa2e32 -> 
  custom:video-decoder-ogg-theora: a1e56fd34408186e4bbccfd4996cb3dc -> 
  custom:container-muxer-webm: aa71ff27fc2769a1b78a27578f13a17b -> 
  custom:container-demuxer-webm: 4f35f7cbe854078d1ac9338744f61a02 -> 
  custom:container-demuxer-ogg: 62fdf1f143b41e24485cea50d1cbac27 -> 
  custom:video-encoder-webm-vp8: eb34c28f22e8b96e1ab97ce403110664 -> 
  custom:video-codec-MediaFoundation-h265: 746d11721c4dcdbdad8f713fa42b33f4 -> 
  custom:video-decoder-webm-vp8: 9c59270c3fd7afecdb556c50c9e8de78 -> 
  custom:audio-decoder-ogg-vorbis: bf7c407c2cedff20999df2af8eb42d56 -> 
  custom:audio-encoder-webm-vorbis: bf7c407c2cedff20999df2af8eb42d56 -> 
========================================================================
Received Import Request.
  path: Assets/Fonts/azonix
  artifactKey: Guid(4cc339b3fd7406a4baa861359fb35fea) Importer(815301076,1909f56bfc062723c751e8b465ee728b)
Start importing Assets/Fonts/azonix using Guid(4cc339b3fd7406a4baa861359fb35fea) Importer(815301076,1909f56bfc062723c751e8b465ee728b)  -> (artifact id: '60c8e9f8833d7c4ab4e84fc1b3fb5783') in 0.106175 seconds 
  Import took 0.274277 seconds .

========================================================================
Received Import Request.
  Time since last request: 0.002707 seconds.
  path: Assets/Fonts/azonix/Azonix.otf
  artifactKey: Guid(f88039fe302a1ee4d9983af24a6b7f43) Importer(815301076,1909f56bfc062723c751e8b465ee728b)
Start importing Assets/Fonts/azonix/Azonix.otf using Guid(f88039fe302a1ee4d9983af24a6b7f43) Importer(815301076,1909f56bfc062723c751e8b465ee728b)  -> (artifact id: 'df504a04b1f81164086c16a7edfca1cb') in 1.818721 seconds 
  Import took 1.854830 seconds .

========================================================================
Received Import Request.
  Time since last request: 0.000840 seconds.
  path: Assets/Fonts
  artifactKey: Guid(493c92f4150a0ec46b7d88dbdc02feae) Importer(815301076,1909f56bfc062723c751e8b465ee728b)
Start importing Assets/Fonts using Guid(493c92f4150a0ec46b7d88dbdc02feae) Importer(815301076,1909f56bfc062723c751e8b465ee728b)  -> (artifact id: '279d3338efe24e8fc03498244e9d3df3') in 0.006575 seconds 
  Import took 0.082049 seconds .

========================================================================
Received Import Request.
  Time since last request: 9.389408 seconds.
  path: Assets/Fonts/grunge_strokes_01
  artifactKey: Guid(704afddcce20d6a4ea82d23c35c26957) Importer(815301076,1909f56bfc062723c751e8b465ee728b)
Start importing Assets/Fonts/grunge_strokes_01 using Guid(704afddcce20d6a4ea82d23c35c26957) Importer(815301076,1909f56bfc062723c751e8b465ee728b)  -> (artifact id: 'a918208b9f7bcc1b61981a48fcd4b160') in 0.016076 seconds 
  Import took 0.297185 seconds .

========================================================================
Received Import Request.
  Time since last request: 0.003735 seconds.
  path: Assets/Fonts/grunge_strokes_01/Grunge Strokes 01.ttf
  artifactKey: Guid(a3d093992c33fab4b8ba0015c701a570) Importer(815301076,1909f56bfc062723c751e8b465ee728b)
Start importing Assets/Fonts/grunge_strokes_01/Grunge Strokes 01.ttf using Guid(a3d093992c33fab4b8ba0015c701a570) Importer(815301076,1909f56bfc062723c751e8b465ee728b)  -> (artifact id: '7e004229452ee7810f9cfd02e4d2f978') in 0.084528 seconds 
  Import took 0.104702 seconds .

========================================================================
Received Import Request.
  Time since last request: 12.105031 seconds.
  path: Assets/Fonts/louis_george_caf
  artifactKey: Guid(1961cf1ba938e7d4e80a9a078490fd90) Importer(815301076,1909f56bfc062723c751e8b465ee728b)
Start importing Assets/Fonts/louis_george_caf using Guid(1961cf1ba938e7d4e80a9a078490fd90) Importer(815301076,1909f56bfc062723c751e8b465ee728b)  -> (artifact id: '00a81936c188c30a5fd2672fdf3230bf') in 0.021042 seconds 
  Import took 0.058028 seconds .

========================================================================
Received Import Request.
  Time since last request: 0.045002 seconds.
  path: Assets/Fonts/louis_george_caf/Louis George Cafe Bold Italic.ttf
  artifactKey: Guid(4f823fa16d74cdd4c8a85a924e3be987) Importer(815301076,1909f56bfc062723c751e8b465ee728b)
Start importing Assets/Fonts/louis_george_caf/Louis George Cafe Bold Italic.ttf using Guid(4f823fa16d74cdd4c8a85a924e3be987) Importer(815301076,1909f56bfc062723c751e8b465ee728b)  -> (artifact id: '36a7f3841437dbb769c750a5977f6a12') in 0.040547 seconds 
  Import took 0.052159 seconds .

========================================================================
Received Import Request.
  Time since last request: 0.001280 seconds.
  path: Assets/Fonts/louis_george_caf/Louis George Cafe Italic.ttf
  artifactKey: Guid(288808683e93bcb4984f719b62eae6a0) Importer(815301076,1909f56bfc062723c751e8b465ee728b)
Start importing Assets/Fonts/louis_george_caf/Louis George Cafe Italic.ttf using Guid(288808683e93bcb4984f719b62eae6a0) Importer(815301076,1909f56bfc062723c751e8b465ee728b)  -> (artifact id: 'cc63318a03072017feb38ee95e78783d') in 0.078011 seconds 
  Import took 0.174999 seconds .

========================================================================
Received Import Request.
  Time since last request: 0.002166 seconds.
  path: Assets/Fonts/louis_george_caf/Louis George Cafe Bold.ttf
  artifactKey: Guid(751cb06981d46034da42b741f76d08f1) Importer(815301076,1909f56bfc062723c751e8b465ee728b)
Start importing Assets/Fonts/louis_george_caf/Louis George Cafe Bold.ttf using Guid(751cb06981d46034da42b741f76d08f1) Importer(815301076,1909f56bfc062723c751e8b465ee728b)  -> (artifact id: 'ad27b10ff1fbf94c6f7077f0cf236bf8') in 0.056424 seconds 
  Import took 0.089180 seconds .

========================================================================
Received Import Request.
  Time since last request: 0.000938 seconds.
  path: Assets/Fonts/louis_george_caf/Louis George Cafe.ttf
  artifactKey: Guid(451108da9fe310647bee8681f0d9cf44) Importer(815301076,1909f56bfc062723c751e8b465ee728b)
Start importing Assets/Fonts/louis_george_caf/Louis George Cafe.ttf using Guid(451108da9fe310647bee8681f0d9cf44) Importer(815301076,1909f56bfc062723c751e8b465ee728b)  -> (artifact id: 'b2a67dcd9d6cf03ec5e9e6bd99d6e289') in 0.054885 seconds 
  Import took 0.078448 seconds .

========================================================================
Received Import Request.
  Time since last request: 0.001155 seconds.
  path: Assets/Fonts/louis_george_caf/Louis George Café Typeface.png
  artifactKey: Guid(4f767c97001b5fd47b888e5fd64aab18) Importer(815301076,1909f56bfc062723c751e8b465ee728b)
Start importing Assets/Fonts/louis_george_caf/Louis George Café Typeface.png using Guid(4f767c97001b5fd47b888e5fd64aab18) Importer(815301076,1909f56bfc062723c751e8b465ee728b)  -> (artifact id: '247346f897aa4d3d738b2d0a14004012') in 0.542458 seconds 
  Import took 0.664720 seconds .

========================================================================
Received Import Request.
  Time since last request: 0.000759 seconds.
  path: Assets/Fonts/louis_george_caf/Louis George Cafe Light Italic.ttf
  artifactKey: Guid(ecda5ac9611f37c45805335125ade2d0) Importer(815301076,1909f56bfc062723c751e8b465ee728b)
Start importing Assets/Fonts/louis_george_caf/Louis George Cafe Light Italic.ttf using Guid(ecda5ac9611f37c45805335125ade2d0) Importer(815301076,1909f56bfc062723c751e8b465ee728b)  -> (artifact id: '4c3ae58558709cae38d9f5e22d88c02b') in 0.061770 seconds 
  Import took 0.097850 seconds .

========================================================================
Received Import Request.
  Time since last request: 0.001287 seconds.
  path: Assets/Fonts/louis_george_caf/Louis George Cafe Light.ttf
  artifactKey: Guid(41aaccc0491bc3347a443fd87c2dae91) Importer(815301076,1909f56bfc062723c751e8b465ee728b)
Start importing Assets/Fonts/louis_george_caf/Louis George Cafe Light.ttf using Guid(41aaccc0491bc3347a443fd87c2dae91) Importer(815301076,1909f56bfc062723c751e8b465ee728b)  -> (artifact id: '081f517d3d8c24fcba0e1601dd04b419') in 0.042050 seconds 
  Import took 0.177810 seconds .

========================================================================
Received Import Request.
  Time since last request: 220.105129 seconds.
  path: Assets/vcr_osd_mono
  artifactKey: Guid(96a511d3dfe3f244db52e173bca0a5e0) Importer(815301076,1909f56bfc062723c751e8b465ee728b)
Start importing Assets/vcr_osd_mono using Guid(96a511d3dfe3f244db52e173bca0a5e0) Importer(815301076,1909f56bfc062723c751e8b465ee728b)  -> (artifact id: '4190ceeb73b7e97990d8d95adf804348') in 0.035966 seconds 
  Import took 0.091525 seconds .

========================================================================
Received Import Request.
  Time since last request: 0.074487 seconds.
  path: Assets/vcr_osd_mono/VCR_OSD_MONO_1.001.ttf
  artifactKey: Guid(022bb067727be62409603d7abcc7f850) Importer(815301076,1909f56bfc062723c751e8b465ee728b)
Start importing Assets/vcr_osd_mono/VCR_OSD_MONO_1.001.ttf using Guid(022bb067727be62409603d7abcc7f850) Importer(815301076,1909f56bfc062723c751e8b465ee728b)  -> (artifact id: 'adae9ec0a634f07763d8e1b46cc79aeb') in 2.025856 seconds 
  Import took 2.051760 seconds .

========================================================================
Received Import Request.
  Time since last request: 6.692790 seconds.
  path: Assets/Dating Sim UI
  artifactKey: Guid(6673f581b44f25946a03af468a737632) Importer(815301076,1909f56bfc062723c751e8b465ee728b)
Start importing Assets/Dating Sim UI using Guid(6673f581b44f25946a03af468a737632) Importer(815301076,1909f56bfc062723c751e8b465ee728b)  -> (artifact id: '5d49d656d70fcbe1880be0f1c7be613b') in 0.010476 seconds 
  Import took 0.025182 seconds .

========================================================================
Received Import Request.
  Time since last request: 1.448538 seconds.
  path: Assets/Dating Sim UI/Border Box
  artifactKey: Guid(03f2c466ddc129d4b94e67261b289d1c) Importer(815301076,1909f56bfc062723c751e8b465ee728b)
Start importing Assets/Dating Sim UI/Border Box using Guid(03f2c466ddc129d4b94e67261b289d1c) Importer(815301076,1909f56bfc062723c751e8b465ee728b)  -> (artifact id: 'f296be4fb11a9dca73bdf980f1aba961') in 0.051660 seconds 
  Import took 0.081917 seconds .

========================================================================
Received Import Request.
  Time since last request: 0.236734 seconds.
  path: Assets/Dating Sim UI/Border Box/Dark-Pink-Box.png
  artifactKey: Guid(9662d003244a39b40b89869963191084) Importer(815301076,1909f56bfc062723c751e8b465ee728b)
Start importing Assets/Dating Sim UI/Border Box/Dark-Pink-Box.png using Guid(9662d003244a39b40b89869963191084) Importer(815301076,1909f56bfc062723c751e8b465ee728b)  -> (artifact id: 'fc0d979b09b1808396288b9c34653fd1') in 0.222493 seconds 
  Import took 0.233572 seconds .

========================================================================
Received Import Request.
  Time since last request: 0.000797 seconds.
  path: Assets/Dating Sim UI/Border Box/Dialogue Box.png
  artifactKey: Guid(8f252e653a3eaa0438260d9a0919e848) Importer(815301076,1909f56bfc062723c751e8b465ee728b)
Start importing Assets/Dating Sim UI/Border Box/Dialogue Box.png using Guid(8f252e653a3eaa0438260d9a0919e848) Importer(815301076,1909f56bfc062723c751e8b465ee728b)  -> (artifact id: '41d345067dc39da0fde715eb1ccd8f14') in 0.217378 seconds 
  Import took 0.239040 seconds .

========================================================================
Received Import Request.
  Time since last request: 0.002018 seconds.
  path: Assets/Dating Sim UI/Border Box/Light-Pink-Box.png
  artifactKey: Guid(0527c30ee3fef334381cbe2e9f68b32e) Importer(815301076,1909f56bfc062723c751e8b465ee728b)
Start importing Assets/Dating Sim UI/Border Box/Light-Pink-Box.png using Guid(0527c30ee3fef334381cbe2e9f68b32e) Importer(815301076,1909f56bfc062723c751e8b465ee728b)  -> (artifact id: '19a34f08219edb4dd69452b0f8edda43') in 0.229534 seconds 
  Import took 0.249997 seconds .

========================================================================
Received Import Request.
  Time since last request: 0.001123 seconds.
  path: Assets/Dating Sim UI/Border Box/Green-Box.png
  artifactKey: Guid(5b8ebd79b9f611742aa6dd68f9a060a2) Importer(815301076,1909f56bfc062723c751e8b465ee728b)
Start importing Assets/Dating Sim UI/Border Box/Green-Box.png using Guid(5b8ebd79b9f611742aa6dd68f9a060a2) Importer(815301076,1909f56bfc062723c751e8b465ee728b)  -> (artifact id: '2caed463216177289f692047be4c831b') in 0.188367 seconds 
  Import took 0.221928 seconds .

========================================================================
Received Import Request.
  Time since last request: 34.391212 seconds.
  path: Assets/Dating Sim UI/Border Box/Dark-Pink-Box.png
  artifactKey: Guid(9662d003244a39b40b89869963191084) Importer(815301076,1909f56bfc062723c751e8b465ee728b)
Start importing Assets/Dating Sim UI/Border Box/Dark-Pink-Box.png using Guid(9662d003244a39b40b89869963191084) Importer(815301076,1909f56bfc062723c751e8b465ee728b)  -> (artifact id: 'f1dd071c51b603f050e71cc2cd7be1fe') in 0.047163 seconds 
  Import took 0.072909 seconds .

========================================================================
Received Import Request.
  Time since last request: 7.863690 seconds.
  path: Assets/Dating Sim UI/Border Box/Dialogue Box.png
  artifactKey: Guid(8f252e653a3eaa0438260d9a0919e848) Importer(815301076,1909f56bfc062723c751e8b465ee728b)
Start importing Assets/Dating Sim UI/Border Box/Dialogue Box.png using Guid(8f252e653a3eaa0438260d9a0919e848) Importer(815301076,1909f56bfc062723c751e8b465ee728b)  -> (artifact id: '9c0b678eb067c6fdf863c828a299f7fa') in 0.082225 seconds 
  Import took 0.103473 seconds .

========================================================================
Received Import Request.
  Time since last request: 7.246618 seconds.
  path: Assets/Dating Sim UI/Border Box/Green-Box.png
  artifactKey: Guid(5b8ebd79b9f611742aa6dd68f9a060a2) Importer(815301076,1909f56bfc062723c751e8b465ee728b)
Start importing Assets/Dating Sim UI/Border Box/Green-Box.png using Guid(5b8ebd79b9f611742aa6dd68f9a060a2) Importer(815301076,1909f56bfc062723c751e8b465ee728b)  -> (artifact id: '19fded6af08ba1f96ee9f733ef201e28') in 0.036763 seconds 
  Import took 0.054218 seconds .

========================================================================
Received Import Request.
  Time since last request: 5.513055 seconds.
  path: Assets/Dating Sim UI/Border Box/Light-Pink-Box.png
  artifactKey: Guid(0527c30ee3fef334381cbe2e9f68b32e) Importer(815301076,1909f56bfc062723c751e8b465ee728b)
Start importing Assets/Dating Sim UI/Border Box/Light-Pink-Box.png using Guid(0527c30ee3fef334381cbe2e9f68b32e) Importer(815301076,1909f56bfc062723c751e8b465ee728b)  -> (artifact id: '07b6ec64bb5e80ffb8646c72edaada22') in 0.081682 seconds 
  Import took 0.101599 seconds .

========================================================================
Received Import Request.
  Time since last request: 42.049807 seconds.
  path: Assets/Dating Sim UI/Continue-Auto
  artifactKey: Guid(e1c26aa0cc021e14fa5b29d5608fa733) Importer(815301076,1909f56bfc062723c751e8b465ee728b)
Start importing Assets/Dating Sim UI/Continue-Auto using Guid(e1c26aa0cc021e14fa5b29d5608fa733) Importer(815301076,1909f56bfc062723c751e8b465ee728b)  -> (artifact id: 'fb29395477caf6dadb3ccd275dde7232') in 0.020838 seconds 
  Import took 0.046316 seconds .

========================================================================
Received Import Request.
  Time since last request: 0.022958 seconds.
  path: Assets/Dating Sim UI/Continue-Auto/Black-auto.png
  artifactKey: Guid(8f538d9d5b8a9854e845f4c6212e4edf) Importer(815301076,1909f56bfc062723c751e8b465ee728b)
Start importing Assets/Dating Sim UI/Continue-Auto/Black-auto.png using Guid(8f538d9d5b8a9854e845f4c6212e4edf) Importer(815301076,1909f56bfc062723c751e8b465ee728b)  -> (artifact id: 'b130b7f0d52a6b7daa8ec69782cb28d3') in 0.221984 seconds 
  Import took 0.232701 seconds .

========================================================================
Received Import Request.
  Time since last request: 0.000788 seconds.
  path: Assets/Dating Sim UI/Continue-Auto/Pink-auto-black-shadow.png
  artifactKey: Guid(824da3647d010294c8bb005de3a3fe24) Importer(815301076,1909f56bfc062723c751e8b465ee728b)
Start importing Assets/Dating Sim UI/Continue-Auto/Pink-auto-black-shadow.png using Guid(824da3647d010294c8bb005de3a3fe24) Importer(815301076,1909f56bfc062723c751e8b465ee728b)  -> (artifact id: 'd1aba20c58dcb3b46bede3a950efa411') in 0.290257 seconds 
  Import took 0.309725 seconds .

========================================================================
Received Import Request.
  Time since last request: 0.000916 seconds.
  path: Assets/Dating Sim UI/Continue-Auto/Dark-Pink-Auto-Pink-Shadow.png
  artifactKey: Guid(bb29553cd5858584baaead9642b177f3) Importer(815301076,1909f56bfc062723c751e8b465ee728b)
Start importing Assets/Dating Sim UI/Continue-Auto/Dark-Pink-Auto-Pink-Shadow.png using Guid(bb29553cd5858584baaead9642b177f3) Importer(815301076,1909f56bfc062723c751e8b465ee728b)  -> (artifact id: '35fd51901d78a6807a86d654a84da577') in 0.171314 seconds 
  Import took 0.190442 seconds .

========================================================================
Received Import Request.
  Time since last request: 0.000915 seconds.
  path: Assets/Dating Sim UI/Continue-Auto/Pink-auto-pink-shadow.png
  artifactKey: Guid(87e692efb13efb24bb7b7e14795d1c7f) Importer(815301076,1909f56bfc062723c751e8b465ee728b)
Start importing Assets/Dating Sim UI/Continue-Auto/Pink-auto-pink-shadow.png using Guid(87e692efb13efb24bb7b7e14795d1c7f) Importer(815301076,1909f56bfc062723c751e8b465ee728b)  -> (artifact id: 'ebe9925d2ff675acde97ebf9f3b0b108') in 0.182117 seconds 
  Import took 0.206779 seconds .

========================================================================
Received Import Request.
  Time since last request: 0.000888 seconds.
  path: Assets/Dating Sim UI/Continue-Auto/Dark-Pink-Auto-Black-Shadow.png
  artifactKey: Guid(d56cdc918bfc4d84e9b9bec2fdd1a8ae) Importer(815301076,1909f56bfc062723c751e8b465ee728b)
Start importing Assets/Dating Sim UI/Continue-Auto/Dark-Pink-Auto-Black-Shadow.png using Guid(d56cdc918bfc4d84e9b9bec2fdd1a8ae) Importer(815301076,1909f56bfc062723c751e8b465ee728b)  -> (artifact id: 'cf4033d08bb1348c044563fcdd05d4e0') in 0.186767 seconds 
  Import took 0.206866 seconds .

========================================================================
Received Import Request.
  Time since last request: 0.000731 seconds.
  path: Assets/Dating Sim UI/Continue-Auto/Green-Auto-Black-Shadow.png
  artifactKey: Guid(2ec5cb82e83288b42bcd865733ede6a9) Importer(815301076,1909f56bfc062723c751e8b465ee728b)
Start importing Assets/Dating Sim UI/Continue-Auto/Green-Auto-Black-Shadow.png using Guid(2ec5cb82e83288b42bcd865733ede6a9) Importer(815301076,1909f56bfc062723c751e8b465ee728b)  -> (artifact id: 'af128c943d7b1e5bdd1df5bc75572d6b') in 0.175331 seconds 
  Import took 0.194628 seconds .

========================================================================
Received Import Request.
  Time since last request: 0.000855 seconds.
  path: Assets/Dating Sim UI/Continue-Auto/Green-Auto-Green-Shadow.png
  artifactKey: Guid(ae8ce4ee6bdea624c8ce88fa863d54e7) Importer(815301076,1909f56bfc062723c751e8b465ee728b)
Start importing Assets/Dating Sim UI/Continue-Auto/Green-Auto-Green-Shadow.png using Guid(ae8ce4ee6bdea624c8ce88fa863d54e7) Importer(815301076,1909f56bfc062723c751e8b465ee728b)  -> (artifact id: '27e00ec9e9974393f34fc1fd4166e02f') in 0.451054 seconds 
  Import took 0.471992 seconds .

========================================================================
Received Import Request.
  Time since last request: 104.713289 seconds.
  path: Assets/Dating Sim UI/Continue-Auto/Black-auto.png
  artifactKey: Guid(8f538d9d5b8a9854e845f4c6212e4edf) Importer(815301076,1909f56bfc062723c751e8b465ee728b)
Start importing Assets/Dating Sim UI/Continue-Auto/Black-auto.png using Guid(8f538d9d5b8a9854e845f4c6212e4edf) Importer(815301076,1909f56bfc062723c751e8b465ee728b)  -> (artifact id: '37279cfcadf7df38315c3450e5cffebd') in 0.052963 seconds 
  Import took 0.080153 seconds .

========================================================================
Received Import Request.
  Time since last request: 5.303791 seconds.
  path: Assets/Dating Sim UI/Continue-Auto/Dark-Pink-Auto-Black-Shadow.png
  artifactKey: Guid(d56cdc918bfc4d84e9b9bec2fdd1a8ae) Importer(815301076,1909f56bfc062723c751e8b465ee728b)
Start importing Assets/Dating Sim UI/Continue-Auto/Dark-Pink-Auto-Black-Shadow.png using Guid(d56cdc918bfc4d84e9b9bec2fdd1a8ae) Importer(815301076,1909f56bfc062723c751e8b465ee728b)  -> (artifact id: 'a27b95e025d330ab451778741aaa2055') in 0.046081 seconds 
  Import took 0.061098 seconds .

========================================================================
Received Import Request.
  Time since last request: 19.927103 seconds.
  path: Assets/Dating Sim UI/Continue-Auto/Dark-Pink-Auto-Pink-Shadow.png
  artifactKey: Guid(bb29553cd5858584baaead9642b177f3) Importer(815301076,1909f56bfc062723c751e8b465ee728b)
Start importing Assets/Dating Sim UI/Continue-Auto/Dark-Pink-Auto-Pink-Shadow.png using Guid(bb29553cd5858584baaead9642b177f3) Importer(815301076,1909f56bfc062723c751e8b465ee728b)  -> (artifact id: 'de8c1cff01c73d0c9c825c46d68edf18') in 0.055637 seconds 
  Import took 0.080867 seconds .

========================================================================
Received Import Request.
  Time since last request: 7.350294 seconds.
  path: Assets/Dating Sim UI/Continue-Auto/Green-Auto-Black-Shadow.png
  artifactKey: Guid(2ec5cb82e83288b42bcd865733ede6a9) Importer(815301076,1909f56bfc062723c751e8b465ee728b)
Start importing Assets/Dating Sim UI/Continue-Auto/Green-Auto-Black-Shadow.png using Guid(2ec5cb82e83288b42bcd865733ede6a9) Importer(815301076,1909f56bfc062723c751e8b465ee728b)  -> (artifact id: '445cbfc5d0827b206c183bbe98df341c') in 0.044064 seconds 
  Import took 0.060229 seconds .

========================================================================
Received Import Request.
  Time since last request: 5.784838 seconds.
  path: Assets/Dating Sim UI/Continue-Auto/Green-Auto-Green-Shadow.png
  artifactKey: Guid(ae8ce4ee6bdea624c8ce88fa863d54e7) Importer(815301076,1909f56bfc062723c751e8b465ee728b)
Start importing Assets/Dating Sim UI/Continue-Auto/Green-Auto-Green-Shadow.png using Guid(ae8ce4ee6bdea624c8ce88fa863d54e7) Importer(815301076,1909f56bfc062723c751e8b465ee728b)  -> (artifact id: '071d1acd24c85e1270ddc9a965d86406') in 0.063552 seconds 
  Import took 0.081815 seconds .

========================================================================
Received Import Request.
  Time since last request: 9.258375 seconds.
  path: Assets/Dating Sim UI/Continue-Auto/Pink-auto-black-shadow.png
  artifactKey: Guid(824da3647d010294c8bb005de3a3fe24) Importer(815301076,1909f56bfc062723c751e8b465ee728b)
Start importing Assets/Dating Sim UI/Continue-Auto/Pink-auto-black-shadow.png using Guid(824da3647d010294c8bb005de3a3fe24) Importer(815301076,1909f56bfc062723c751e8b465ee728b)  -> (artifact id: '412d891b2c7920317e38bd69eb393061') in 0.067327 seconds 
  Import took 0.085742 seconds .

========================================================================
Received Import Request.
  Time since last request: 6.829497 seconds.
  path: Assets/Dating Sim UI/Continue-Auto/Pink-auto-pink-shadow.png
  artifactKey: Guid(87e692efb13efb24bb7b7e14795d1c7f) Importer(815301076,1909f56bfc062723c751e8b465ee728b)
Start importing Assets/Dating Sim UI/Continue-Auto/Pink-auto-pink-shadow.png using Guid(87e692efb13efb24bb7b7e14795d1c7f) Importer(815301076,1909f56bfc062723c751e8b465ee728b)  -> (artifact id: '7a07259269e86caacfee84113e56bb94') in 0.032152 seconds 
  Import took 0.059502 seconds .

========================================================================
Received Prepare
Registering precompiled user dll's ...
Registered in 0.008480 seconds.
Begin MonoManager ReloadAssembly
Native extension for WindowsStandalone target not found
Native extension for OSXStandalone target not found
Native extension for WebGL target not found
Refreshing native plugins compatible for Editor in 1.68 ms, found 3 plugins.
Preloading 0 native plugins for Editor in 0.00 ms.
Mono: successfully reloaded assembly
- Completed reload, in  3.937 seconds
Domain Reload Profiling:
	ReloadAssembly (3939ms)
		BeginReloadAssembly (415ms)
			ExecutionOrderSort (0ms)
			DisableScriptedObjects (25ms)
			BackupInstance (0ms)
			ReleaseScriptingObjects (0ms)
			CreateAndSetChildDomain (134ms)
		EndReloadAssembly (3271ms)
			LoadAssemblies (386ms)
			RebuildTransferFunctionScriptingTraits (0ms)
			SetupTypeCache (1246ms)
			ReleaseScriptCaches (2ms)
			RebuildScriptCaches (195ms)
			SetupLoadedEditorAssemblies (1112ms)
				LogAssemblyErrors (0ms)
				InitializePlatformSupportModulesInManaged (44ms)
				SetLoadedEditorAssemblies (2ms)
				RefreshPlugins (2ms)
				BeforeProcessingInitializeOnLoad (223ms)
				ProcessInitializeOnLoadAttributes (792ms)
				ProcessInitializeOnLoadMethodAttributes (23ms)
				AfterProcessingInitializeOnLoad (25ms)
				EditorAssembliesLoaded (1ms)
			ExecutionOrderSort2 (0ms)
			AwakeInstancesAfterBackupRestoration (38ms)
Platform modules already initialized, skipping
Refreshing native plugins compatible for Editor in 1.34 ms, found 3 plugins.
Preloading 0 native plugins for Editor in 0.00 ms.
Unloading 2825 Unused Serialized files (Serialized files now loaded: 0)
System memory in use before: 117.2 MB.
System memory in use after: 117.4 MB.

Unloading 14 unused Assets to reduce memory usage. Loaded Objects now: 3340.
Total: 14.536200 ms (FindLiveObjects: 2.525700 ms CreateObjectMapping: 1.773500 ms MarkObjects: 10.186700 ms  DeleteObjects: 0.046400 ms)

AssetImportParameters requested are different than current active one (requested -> active):
  requireTextureImportCompression: false -> true
  custom:framework-win-MediaFoundation: 216162199b28c13a410421893ffa2e32 -> 
  custom:video-decoder-ogg-theora: a1e56fd34408186e4bbccfd4996cb3dc -> 
  custom:container-muxer-webm: aa71ff27fc2769a1b78a27578f13a17b -> 
  custom:container-demuxer-webm: 4f35f7cbe854078d1ac9338744f61a02 -> 
  custom:container-demuxer-ogg: 62fdf1f143b41e24485cea50d1cbac27 -> 
  custom:video-encoder-webm-vp8: eb34c28f22e8b96e1ab97ce403110664 -> 
  custom:video-codec-MediaFoundation-h265: 746d11721c4dcdbdad8f713fa42b33f4 -> 
  custom:video-decoder-webm-vp8: 9c59270c3fd7afecdb556c50c9e8de78 -> 
  custom:audio-decoder-ogg-vorbis: bf7c407c2cedff20999df2af8eb42d56 -> 
  custom:audio-encoder-webm-vorbis: bf7c407c2cedff20999df2af8eb42d56 -> 
========================================================================
Received Prepare
Registering precompiled user dll's ...
Registered in 0.023406 seconds.
Begin MonoManager ReloadAssembly
Native extension for WindowsStandalone target not found
Native extension for OSXStandalone target not found
Native extension for WebGL target not found
Refreshing native plugins compatible for Editor in 3.04 ms, found 3 plugins.
Preloading 0 native plugins for Editor in 0.00 ms.
Mono: successfully reloaded assembly
- Completed reload, in  3.931 seconds
Domain Reload Profiling:
	ReloadAssembly (3933ms)
		BeginReloadAssembly (410ms)
			ExecutionOrderSort (0ms)
			DisableScriptedObjects (11ms)
			BackupInstance (0ms)
			ReleaseScriptingObjects (0ms)
			CreateAndSetChildDomain (138ms)
		EndReloadAssembly (3294ms)
			LoadAssemblies (416ms)
			RebuildTransferFunctionScriptingTraits (0ms)
			SetupTypeCache (1177ms)
			ReleaseScriptCaches (11ms)
			RebuildScriptCaches (165ms)
			SetupLoadedEditorAssemblies (1118ms)
				LogAssemblyErrors (0ms)
				InitializePlatformSupportModulesInManaged (20ms)
				SetLoadedEditorAssemblies (1ms)
				RefreshPlugins (3ms)
				BeforeProcessingInitializeOnLoad (216ms)
				ProcessInitializeOnLoadAttributes (834ms)
				ProcessInitializeOnLoadMethodAttributes (31ms)
				AfterProcessingInitializeOnLoad (12ms)
				EditorAssembliesLoaded (0ms)
			ExecutionOrderSort2 (0ms)
			AwakeInstancesAfterBackupRestoration (26ms)
Platform modules already initialized, skipping
Refreshing native plugins compatible for Editor in 1.68 ms, found 3 plugins.
Preloading 0 native plugins for Editor in 0.00 ms.
Unloading 2825 Unused Serialized files (Serialized files now loaded: 0)
System memory in use before: 117.2 MB.
System memory in use after: 117.5 MB.

Unloading 14 unused Assets to reduce memory usage. Loaded Objects now: 3343.
Total: 14.122900 ms (FindLiveObjects: 0.506000 ms CreateObjectMapping: 0.476400 ms MarkObjects: 13.077600 ms  DeleteObjects: 0.058700 ms)

AssetImportParameters requested are different than current active one (requested -> active):
  requireTextureImportCompression: false -> true
  custom:framework-win-MediaFoundation: 216162199b28c13a410421893ffa2e32 -> 
  custom:video-decoder-ogg-theora: a1e56fd34408186e4bbccfd4996cb3dc -> 
  custom:container-muxer-webm: aa71ff27fc2769a1b78a27578f13a17b -> 
  custom:container-demuxer-webm: 4f35f7cbe854078d1ac9338744f61a02 -> 
  custom:container-demuxer-ogg: 62fdf1f143b41e24485cea50d1cbac27 -> 
  custom:video-encoder-webm-vp8: eb34c28f22e8b96e1ab97ce403110664 -> 
  custom:video-codec-MediaFoundation-h265: 746d11721c4dcdbdad8f713fa42b33f4 -> 
  custom:video-decoder-webm-vp8: 9c59270c3fd7afecdb556c50c9e8de78 -> 
  custom:audio-decoder-ogg-vorbis: bf7c407c2cedff20999df2af8eb42d56 -> 
  custom:audio-encoder-webm-vorbis: bf7c407c2cedff20999df2af8eb42d56 -> 
========================================================================
Received Import Request.
  Time since last request: 309.315938 seconds.
  path: Assets/Dating Sim UI/Transparent
  artifactKey: Guid(c75f0bb05b6677642ae725962b9dfac8) Importer(815301076,1909f56bfc062723c751e8b465ee728b)
Start importing Assets/Dating Sim UI/Transparent using Guid(c75f0bb05b6677642ae725962b9dfac8) Importer(815301076,1909f56bfc062723c751e8b465ee728b)  -> (artifact id: 'ef88ccde21b7bfafc82d1a31bbe618a0') in 0.017106 seconds 
  Import took 0.081557 seconds .

========================================================================
Received Import Request.
  Time since last request: 0.000929 seconds.
  path: Assets/Dating Sim UI/Transparent/Green-Transparent-Box.png
  artifactKey: Guid(1329c0d0879b21749b38801491cd689b) Importer(815301076,1909f56bfc062723c751e8b465ee728b)
Start importing Assets/Dating Sim UI/Transparent/Green-Transparent-Box.png using Guid(1329c0d0879b21749b38801491cd689b) Importer(815301076,1909f56bfc062723c751e8b465ee728b)  -> (artifact id: 'a99668842f60a1ed4aa8a6aaccf71a2f') in 0.240122 seconds 
  Import took 0.254431 seconds .

========================================================================
Received Import Request.
  Time since last request: 0.001071 seconds.
  path: Assets/Dating Sim UI/Transparent/Dark-Pink-Transparent-Box.png
  artifactKey: Guid(cb5e593e2dc39f845bdbd402cde818c3) Importer(815301076,1909f56bfc062723c751e8b465ee728b)
Start importing Assets/Dating Sim UI/Transparent/Dark-Pink-Transparent-Box.png using Guid(cb5e593e2dc39f845bdbd402cde818c3) Importer(815301076,1909f56bfc062723c751e8b465ee728b)  -> (artifact id: '7a7510ddefd311f984e860ea37ff4df6') in 0.121799 seconds 
  Import took 0.143773 seconds .

========================================================================
Received Import Request.
  Time since last request: 0.000932 seconds.
  path: Assets/Dating Sim UI/Transparent/Pink-Transparent-Box.png
  artifactKey: Guid(3123d6e9945c5d542998dc855b5d5270) Importer(815301076,1909f56bfc062723c751e8b465ee728b)
Start importing Assets/Dating Sim UI/Transparent/Pink-Transparent-Box.png using Guid(3123d6e9945c5d542998dc855b5d5270) Importer(815301076,1909f56bfc062723c751e8b465ee728b)  -> (artifact id: '5aacfe51878d3f924feeac2335226e7c') in 0.109013 seconds 
  Import took 0.135709 seconds .

========================================================================
Received Prepare
Registering precompiled user dll's ...
Registered in 0.060091 seconds.
Begin MonoManager ReloadAssembly
Native extension for WindowsStandalone target not found
Native extension for OSXStandalone target not found
Native extension for WebGL target not found
Refreshing native plugins compatible for Editor in 1.22 ms, found 3 plugins.
Preloading 0 native plugins for Editor in 0.00 ms.
Mono: successfully reloaded assembly
- Completed reload, in  6.802 seconds
Domain Reload Profiling:
	ReloadAssembly (6803ms)
		BeginReloadAssembly (1243ms)
			ExecutionOrderSort (0ms)
			DisableScriptedObjects (45ms)
			BackupInstance (0ms)
			ReleaseScriptingObjects (0ms)
			CreateAndSetChildDomain (371ms)
		EndReloadAssembly (5020ms)
			LoadAssemblies (1176ms)
			RebuildTransferFunctionScriptingTraits (0ms)
			SetupTypeCache (2246ms)
			ReleaseScriptCaches (9ms)
			RebuildScriptCaches (328ms)
			SetupLoadedEditorAssemblies (1281ms)
				LogAssemblyErrors (0ms)
				InitializePlatformSupportModulesInManaged (30ms)
				SetLoadedEditorAssemblies (1ms)
				RefreshPlugins (1ms)
				BeforeProcessingInitializeOnLoad (226ms)
				ProcessInitializeOnLoadAttributes (977ms)
				ProcessInitializeOnLoadMethodAttributes (17ms)
				AfterProcessingInitializeOnLoad (29ms)
				EditorAssembliesLoaded (0ms)
			ExecutionOrderSort2 (0ms)
			AwakeInstancesAfterBackupRestoration (55ms)
Platform modules already initialized, skipping
Refreshing native plugins compatible for Editor in 4.40 ms, found 3 plugins.
Preloading 0 native plugins for Editor in 0.00 ms.
Unloading 2825 Unused Serialized files (Serialized files now loaded: 0)
System memory in use before: 117.3 MB.
System memory in use after: 117.5 MB.

Unloading 14 unused Assets to reduce memory usage. Loaded Objects now: 3347.
Total: 27.431500 ms (FindLiveObjects: 4.449500 ms CreateObjectMapping: 4.051000 ms MarkObjects: 18.625600 ms  DeleteObjects: 0.288100 ms)

AssetImportParameters requested are different than current active one (requested -> active):
  requireTextureImportCompression: false -> true
  custom:framework-win-MediaFoundation: 216162199b28c13a410421893ffa2e32 -> 
  custom:video-decoder-ogg-theora: a1e56fd34408186e4bbccfd4996cb3dc -> 
  custom:container-muxer-webm: aa71ff27fc2769a1b78a27578f13a17b -> 
  custom:container-demuxer-webm: 4f35f7cbe854078d1ac9338744f61a02 -> 
  custom:container-demuxer-ogg: 62fdf1f143b41e24485cea50d1cbac27 -> 
  custom:video-encoder-webm-vp8: eb34c28f22e8b96e1ab97ce403110664 -> 
  custom:video-codec-MediaFoundation-h265: 746d11721c4dcdbdad8f713fa42b33f4 -> 
  custom:video-decoder-webm-vp8: 9c59270c3fd7afecdb556c50c9e8de78 -> 
  custom:audio-decoder-ogg-vorbis: bf7c407c2cedff20999df2af8eb42d56 -> 
  custom:audio-encoder-webm-vorbis: bf7c407c2cedff20999df2af8eb42d56 -> 
========================================================================
Received Prepare
Registering precompiled user dll's ...
Registered in 0.009019 seconds.
Begin MonoManager ReloadAssembly
Native extension for WindowsStandalone target not found
Native extension for OSXStandalone target not found
Native extension for WebGL target not found
Refreshing native plugins compatible for Editor in 2.37 ms, found 3 plugins.
Preloading 0 native plugins for Editor in 0.00 ms.
Mono: successfully reloaded assembly
- Completed reload, in  3.804 seconds
Domain Reload Profiling:
	ReloadAssembly (3806ms)
		BeginReloadAssembly (422ms)
			ExecutionOrderSort (0ms)
			DisableScriptedObjects (26ms)
			BackupInstance (0ms)
			ReleaseScriptingObjects (0ms)
			CreateAndSetChildDomain (159ms)
		EndReloadAssembly (3151ms)
			LoadAssemblies (393ms)
			RebuildTransferFunctionScriptingTraits (0ms)
			SetupTypeCache (1155ms)
			ReleaseScriptCaches (6ms)
			RebuildScriptCaches (164ms)
			SetupLoadedEditorAssemblies (1072ms)
				LogAssemblyErrors (0ms)
				InitializePlatformSupportModulesInManaged (33ms)
				SetLoadedEditorAssemblies (2ms)
				RefreshPlugins (3ms)
				BeforeProcessingInitializeOnLoad (212ms)
				ProcessInitializeOnLoadAttributes (775ms)
				ProcessInitializeOnLoadMethodAttributes (22ms)
				AfterProcessingInitializeOnLoad (25ms)
				EditorAssembliesLoaded (1ms)
			ExecutionOrderSort2 (0ms)
			AwakeInstancesAfterBackupRestoration (39ms)
Platform modules already initialized, skipping
Refreshing native plugins compatible for Editor in 0.90 ms, found 3 plugins.
Preloading 0 native plugins for Editor in 0.00 ms.
Unloading 2825 Unused Serialized files (Serialized files now loaded: 0)
System memory in use before: 117.3 MB.
System memory in use after: 117.5 MB.

Unloading 14 unused Assets to reduce memory usage. Loaded Objects now: 3350.
Total: 15.930200 ms (FindLiveObjects: 0.858000 ms CreateObjectMapping: 2.518100 ms MarkObjects: 12.511800 ms  DeleteObjects: 0.038400 ms)

AssetImportParameters requested are different than current active one (requested -> active):
  requireTextureImportCompression: false -> true
  custom:framework-win-MediaFoundation: 216162199b28c13a410421893ffa2e32 -> 
  custom:video-decoder-ogg-theora: a1e56fd34408186e4bbccfd4996cb3dc -> 
  custom:container-muxer-webm: aa71ff27fc2769a1b78a27578f13a17b -> 
  custom:container-demuxer-webm: 4f35f7cbe854078d1ac9338744f61a02 -> 
  custom:container-demuxer-ogg: 62fdf1f143b41e24485cea50d1cbac27 -> 
  custom:video-encoder-webm-vp8: eb34c28f22e8b96e1ab97ce403110664 -> 
  custom:video-codec-MediaFoundation-h265: 746d11721c4dcdbdad8f713fa42b33f4 -> 
  custom:video-decoder-webm-vp8: 9c59270c3fd7afecdb556c50c9e8de78 -> 
  custom:audio-decoder-ogg-vorbis: bf7c407c2cedff20999df2af8eb42d56 -> 
  custom:audio-encoder-webm-vorbis: bf7c407c2cedff20999df2af8eb42d56 -> 
========================================================================
Received Prepare
Registering precompiled user dll's ...
Registered in 0.006228 seconds.
Begin MonoManager ReloadAssembly
Native extension for WindowsStandalone target not found
Native extension for OSXStandalone target not found
Native extension for WebGL target not found
Refreshing native plugins compatible for Editor in 1.22 ms, found 3 plugins.
Preloading 0 native plugins for Editor in 0.00 ms.
Mono: successfully reloaded assembly
- Completed reload, in  3.783 seconds
Domain Reload Profiling:
	ReloadAssembly (3784ms)
		BeginReloadAssembly (447ms)
			ExecutionOrderSort (0ms)
			DisableScriptedObjects (16ms)
			BackupInstance (0ms)
			ReleaseScriptingObjects (0ms)
			CreateAndSetChildDomain (172ms)
		EndReloadAssembly (3121ms)
			LoadAssemblies (374ms)
			RebuildTransferFunctionScriptingTraits (0ms)
			SetupTypeCache (1134ms)
			ReleaseScriptCaches (2ms)
			RebuildScriptCaches (178ms)
			SetupLoadedEditorAssemblies (1087ms)
				LogAssemblyErrors (0ms)
				InitializePlatformSupportModulesInManaged (37ms)
				SetLoadedEditorAssemblies (1ms)
				RefreshPlugins (1ms)
				BeforeProcessingInitializeOnLoad (194ms)
				ProcessInitializeOnLoadAttributes (795ms)
				ProcessInitializeOnLoadMethodAttributes (27ms)
				AfterProcessingInitializeOnLoad (31ms)
				EditorAssembliesLoaded (1ms)
			ExecutionOrderSort2 (0ms)
			AwakeInstancesAfterBackupRestoration (22ms)
Platform modules already initialized, skipping
Refreshing native plugins compatible for Editor in 1.12 ms, found 3 plugins.
Preloading 0 native plugins for Editor in 0.00 ms.
Unloading 2825 Unused Serialized files (Serialized files now loaded: 0)
System memory in use before: 117.3 MB.
System memory in use after: 117.5 MB.

Unloading 14 unused Assets to reduce memory usage. Loaded Objects now: 3353.
Total: 11.273100 ms (FindLiveObjects: 0.961000 ms CreateObjectMapping: 0.440300 ms MarkObjects: 9.806100 ms  DeleteObjects: 0.061100 ms)

AssetImportParameters requested are different than current active one (requested -> active):
  requireTextureImportCompression: false -> true
  custom:framework-win-MediaFoundation: 216162199b28c13a410421893ffa2e32 -> 
  custom:video-decoder-ogg-theora: a1e56fd34408186e4bbccfd4996cb3dc -> 
  custom:container-muxer-webm: aa71ff27fc2769a1b78a27578f13a17b -> 
  custom:container-demuxer-webm: 4f35f7cbe854078d1ac9338744f61a02 -> 
  custom:container-demuxer-ogg: 62fdf1f143b41e24485cea50d1cbac27 -> 
  custom:video-encoder-webm-vp8: eb34c28f22e8b96e1ab97ce403110664 -> 
  custom:video-codec-MediaFoundation-h265: 746d11721c4dcdbdad8f713fa42b33f4 -> 
  custom:video-decoder-webm-vp8: 9c59270c3fd7afecdb556c50c9e8de78 -> 
  custom:audio-decoder-ogg-vorbis: bf7c407c2cedff20999df2af8eb42d56 -> 
  custom:audio-encoder-webm-vorbis: bf7c407c2cedff20999df2af8eb42d56 -> 
========================================================================
Received Import Request.
  Time since last request: 471.037043 seconds.
  path: Assets/Fonts/love_3/Love.ttf
  artifactKey: Guid(453c8200229e74d4c8a65313f2baae05) Importer(815301076,1909f56bfc062723c751e8b465ee728b)
Start importing Assets/Fonts/love_3/Love.ttf using Guid(453c8200229e74d4c8a65313f2baae05) Importer(815301076,1909f56bfc062723c751e8b465ee728b)  -> (artifact id: '6352858fef9227c2a6437ea1326d7754') in 0.282452 seconds 
  Import took 0.303555 seconds .

========================================================================
Received Import Request.
  Time since last request: 0.000802 seconds.
  path: Assets/Fonts/love_3
  artifactKey: Guid(c1f63ef35f2d5334da50b16511955d4b) Importer(815301076,1909f56bfc062723c751e8b465ee728b)
Start importing Assets/Fonts/love_3 using Guid(c1f63ef35f2d5334da50b16511955d4b) Importer(815301076,1909f56bfc062723c751e8b465ee728b)  -> (artifact id: '8bb237c6bc803bdd1cb3cb840787545d') in 0.023459 seconds 
  Import took 0.039393 seconds .

